[debug] [2020-06-16T06:02:52.805Z] ----------------------------------------------------------------------
[debug] [2020-06-16T06:02:52.809Z] Command:       C:\Program Files\nodejs\node.exe C:\Users\Shumail Mehmood\AppData\Roaming\npm\node_modules\firebase-tools\lib\bin\firebase.js deploy
[debug] [2020-06-16T06:02:52.809Z] CLI Version:   8.4.1
[debug] [2020-06-16T06:02:52.810Z] Platform:      win32
[debug] [2020-06-16T06:02:52.810Z] Node Version:  v10.15.3
[debug] [2020-06-16T06:02:52.811Z] Time:          Tue Jun 16 2020 11:02:52 GMT+0500 (Pakistan Standard Time)
[debug] [2020-06-16T06:02:52.811Z] ----------------------------------------------------------------------
[debug] [2020-06-16T06:02:52.812Z] 
[debug] [2020-06-16T06:02:52.826Z] > command requires scopes: ["email","openid","https://www.googleapis.com/auth/cloudplatformprojects.readonly","https://www.googleapis.com/auth/firebase","https://www.googleapis.com/auth/cloud-platform"]
[debug] [2020-06-16T06:02:52.826Z] > authorizing via signed-in user
[debug] [2020-06-16T06:02:52.827Z] [iam] checking project woocommerce-69dfb for permissions ["firebase.projects.get","firebasehosting.sites.update"]
[debug] [2020-06-16T06:02:52.831Z] >>> HTTP REQUEST POST https://cloudresourcemanager.googleapis.com/v1/projects/woocommerce-69dfb:testIamPermissions  
 {"permissions":["firebase.projects.get","firebasehosting.sites.update"]}
[debug] [2020-06-16T06:02:54.639Z] <<< HTTP RESPONSE 200 {"content-type":"application/json; charset=UTF-8","vary":"X-Origin, Referer, Origin,Accept-Encoding","date":"Tue, 16 Jun 2020 06:02:56 GMT","server":"ESF","cache-control":"private","x-xss-protection":"0","x-frame-options":"SAMEORIGIN","x-content-type-options":"nosniff","server-timing":"gfet4t7; dur=1226","alt-svc":"h3-27=\":443\"; ma=2592000,h3-25=\":443\"; ma=2592000,h3-T050=\":443\"; ma=2592000,h3-Q050=\":443\"; ma=2592000,h3-Q049=\":443\"; ma=2592000,h3-Q048=\":443\"; ma=2592000,h3-Q046=\":443\"; ma=2592000,h3-Q043=\":443\"; ma=2592000,quic=\":443\"; ma=2592000; v=\"46,43\"","accept-ranges":"none","transfer-encoding":"chunked"}
[debug] [2020-06-16T06:02:54.642Z] >>> HTTP REQUEST GET https://firebase.googleapis.com/v1beta1/projects/woocommerce-69dfb  
 
[debug] [2020-06-16T06:02:55.274Z] <<< HTTP RESPONSE 200 {"content-type":"application/json; charset=UTF-8","vary":"X-Origin, Referer, Origin,Accept-Encoding","date":"Tue, 16 Jun 2020 06:02:57 GMT","server":"ESF","cache-control":"private","x-xss-protection":"0","x-frame-options":"SAMEORIGIN","x-content-type-options":"nosniff","alt-svc":"h3-27=\":443\"; ma=2592000,h3-25=\":443\"; ma=2592000,h3-T050=\":443\"; ma=2592000,h3-Q050=\":443\"; ma=2592000,h3-Q049=\":443\"; ma=2592000,h3-Q048=\":443\"; ma=2592000,h3-Q046=\":443\"; ma=2592000,h3-Q043=\":443\"; ma=2592000,quic=\":443\"; ma=2592000; v=\"46,43\"","accept-ranges":"none","transfer-encoding":"chunked"}
[info] 
[info] === Deploying to 'woocommerce-69dfb'...
[info] 
[info] i  deploying hosting 
[debug] [2020-06-16T06:02:55.321Z] >>> HTTP REQUEST POST https://firebasehosting.googleapis.com/v1beta1/sites/woocommerce-69dfb/versions  
 {"config":{"rewrites":[{"glob":"**","path":"/index.html"}]},"labels":{"deployment-tool":"cli-firebase"}}
